<component name="libraryTable">
  <library name="junit-platform-console-standalone-1.8.22">
    <CLASSES>
      <root url="jar://$PROJECT_DIR$/POO-SmartComunity-main/out/production/POO-SmartComunity-main/lib/junit-platform-console-standalone-1.8.2.jar!/" />
    </CLASSES>
    <JAVADOC />
    <SOURCES />
  </library>
</component>